<?xml version="1.0" encoding="UTF-8"?>
<!-- Generated by org.testng.reporters.JUnitReportReporter -->
<testsuite skipped="0" hostname="TYSS-Prabhat" name="jenkin.jenkintry.App" tests="1" failures="0" timestamp="2022-09-17T23:22:22 IST" time="5.522" errors="0">
  <testcase name="simple" time="5.522" classname="jenkin.jenkintry.App"/>
  <system-out>
    <![CDATA[Hello World!]]>
  </system-out>
</testsuite> <!-- jenkin.jenkintry.App -->
