<?xml version="1.0" encoding="UTF-8"?>
<!-- Generated by org.testng.reporters.JUnitReportReporter -->
<testsuite skipped="0" hostname="TYSS-Prabhat" name="Test.App" tests="1" failures="0" timestamp="2022-09-25T14:21:01 IST" time="7.528" errors="0">
  <testcase name="simple" time="7.528" classname="Test.App"/>
  <system-out>
    <![CDATA[Hello World!]]>
  </system-out>
</testsuite> <!-- Test.App -->
